{"/Users/jacobdavidgrisham/Workspace/Project_LIMS/frontend/src/index.tsx": {"path":"/Users/jacobdavidgrisham/Workspace/Project_LIMS/frontend/src/index.tsx","statementMap":{"0":{"start":{"line":17,"column":15},"end":{"line":17,"column":29}},"1":{"start":{"line":19,"column":20},"end":{"line":19,"column":57}},"2":{"start":{"line":20,"column":14},"end":{"line":20,"column":80}},"3":{"start":{"line":22,"column":0},"end":{"line":29,"column":2}},"4":{"start":{"line":34,"column":0},"end":{"line":34,"column":37}},"5":{"start":{"line":39,"column":0},"end":{"line":39,"column":18}}},"fnMap":{},"branchMap":{},"s":{"0":0,"1":0,"2":0,"3":0,"4":0,"5":0},"f":{},"b":{}}
,"/Users/jacobdavidgrisham/Workspace/Project_LIMS/frontend/src/api/api.tsx": {"path":"/Users/jacobdavidgrisham/Workspace/Project_LIMS/frontend/src/api/api.tsx","statementMap":{"0":{"start":{"line":1,"column":23},"end":{"line":2,"column":46}},"1":{"start":{"line":2,"column":2},"end":{"line":2,"column":46}},"2":{"start":{"line":2,"column":30},"end":{"line":2,"column":45}}},"fnMap":{"0":{"name":"(anonymous_0)","decl":{"start":{"line":1,"column":23},"end":{"line":1,"column":24}},"loc":{"start":{"line":2,"column":2},"end":{"line":2,"column":46}},"line":2},"1":{"name":"(anonymous_1)","decl":{"start":{"line":2,"column":18},"end":{"line":2,"column":19}},"loc":{"start":{"line":2,"column":30},"end":{"line":2,"column":45}},"line":2}},"branchMap":{},"s":{"0":1,"1":2,"2":1},"f":{"0":2,"1":1},"b":{},"_coverageSchema":"1a1c01bbd47fc00a2c39e90264f33305004495a9","hash":"99e33b4b6b75c7a00b6a2335d77cf2a642573f96"}
,"/Users/jacobdavidgrisham/Workspace/Project_LIMS/frontend/src/api/mock.tsx": {"path":"/Users/jacobdavidgrisham/Workspace/Project_LIMS/frontend/src/api/mock.tsx","statementMap":{"0":{"start":{"line":1,"column":36},"end":{"line":26,"column":1}},"1":{"start":{"line":2,"column":2},"end":{"line":25,"column":5}},"2":{"start":{"line":3,"column":4},"end":{"line":24,"column":12}},"3":{"start":{"line":4,"column":6},"end":{"line":23,"column":7}},"4":{"start":{"line":6,"column":26},"end":{"line":6,"column":45}},"5":{"start":{"line":7,"column":10},"end":{"line":11,"column":11}},"6":{"start":{"line":8,"column":12},"end":{"line":8,"column":58}},"7":{"start":{"line":10,"column":12},"end":{"line":10,"column":59}},"8":{"start":{"line":12,"column":10},"end":{"line":12,"column":16}},"9":{"start":{"line":22,"column":10},"end":{"line":22,"column":59}}},"fnMap":{"0":{"name":"(anonymous_0)","decl":{"start":{"line":1,"column":36},"end":{"line":1,"column":37}},"loc":{"start":{"line":1,"column":54},"end":{"line":26,"column":1}},"line":1},"1":{"name":"(anonymous_1)","decl":{"start":{"line":2,"column":21},"end":{"line":2,"column":22}},"loc":{"start":{"line":2,"column":42},"end":{"line":25,"column":3}},"line":2},"2":{"name":"(anonymous_2)","decl":{"start":{"line":3,"column":15},"end":{"line":3,"column":16}},"loc":{"start":{"line":3,"column":21},"end":{"line":24,"column":5}},"line":3}},"branchMap":{"0":{"loc":{"start":{"line":4,"column":6},"end":{"line":23,"column":7}},"type":"switch","locations":[{"start":{"line":5,"column":8},"end":{"line":12,"column":16}},{"start":{"line":21,"column":8},"end":{"line":22,"column":59}}],"line":4},"1":{"loc":{"start":{"line":7,"column":10},"end":{"line":11,"column":11}},"type":"if","locations":[{"start":{"line":7,"column":10},"end":{"line":11,"column":11}},{"start":{"line":7,"column":10},"end":{"line":11,"column":11}}],"line":7}},"s":{"0":1,"1":0,"2":0,"3":0,"4":0,"5":0,"6":0,"7":0,"8":0,"9":0},"f":{"0":0,"1":0,"2":0},"b":{"0":[0,0],"1":[0,0]},"_coverageSchema":"1a1c01bbd47fc00a2c39e90264f33305004495a9","hash":"3f52e05ec2cd12b2825b74efa1eb8e7107a07d17"}
,"/Users/jacobdavidgrisham/Workspace/Project_LIMS/frontend/src/components/App.tsx": {"path":"/Users/jacobdavidgrisham/Workspace/Project_LIMS/frontend/src/components/App.tsx","statementMap":{"0":{"start":{"line":29,"column":24},"end":{"line":35,"column":1}},"1":{"start":{"line":30,"column":2},"end":{"line":34,"column":3}},"2":{"start":{"line":37,"column":27},"end":{"line":41,"column":1}},"3":{"start":{"line":38,"column":2},"end":{"line":40,"column":3}},"4":{"start":{"line":39,"column":28},"end":{"line":39,"column":56}},"5":{"start":{"line":43,"column":12},"end":{"line":49,"column":1}},"6":{"start":{"line":44,"column":2},"end":{"line":48,"column":4}}},"fnMap":{"0":{"name":"(anonymous_0)","decl":{"start":{"line":29,"column":24},"end":{"line":29,"column":25}},"loc":{"start":{"line":29,"column":46},"end":{"line":35,"column":1}},"line":29},"1":{"name":"(anonymous_1)","decl":{"start":{"line":37,"column":27},"end":{"line":37,"column":28}},"loc":{"start":{"line":37,"column":84},"end":{"line":41,"column":1}},"line":37},"2":{"name":"(anonymous_2)","decl":{"start":{"line":39,"column":22},"end":{"line":39,"column":23}},"loc":{"start":{"line":39,"column":28},"end":{"line":39,"column":56}},"line":39},"3":{"name":"(anonymous_3)","decl":{"start":{"line":43,"column":12},"end":{"line":43,"column":13}},"loc":{"start":{"line":43,"column":34},"end":{"line":49,"column":1}},"line":43}},"branchMap":{},"s":{"0":0,"1":0,"2":0,"3":0,"4":0,"5":0,"6":0},"f":{"0":0,"1":0,"2":0,"3":0},"b":{}}
,"/Users/jacobdavidgrisham/Workspace/Project_LIMS/frontend/src/components/CompanyTable.tsx": {"path":"/Users/jacobdavidgrisham/Workspace/Project_LIMS/frontend/src/components/CompanyTable.tsx","statementMap":{"0":{"start":{"line":6,"column":21},"end":{"line":37,"column":1}},"1":{"start":{"line":8,"column":2},"end":{"line":36,"column":4}},"2":{"start":{"line":27,"column":14},"end":{"line":31,"column":19}}},"fnMap":{"0":{"name":"(anonymous_0)","decl":{"start":{"line":6,"column":21},"end":{"line":6,"column":22}},"loc":{"start":{"line":6,"column":72},"end":{"line":37,"column":1}},"line":6},"1":{"name":"(anonymous_1)","decl":{"start":{"line":26,"column":26},"end":{"line":26,"column":27}},"loc":{"start":{"line":27,"column":14},"end":{"line":31,"column":19}},"line":27}},"branchMap":{"0":{"loc":{"start":{"line":19,"column":11},"end":{"line":33,"column":11}},"type":"cond-expr","locations":[{"start":{"line":20,"column":12},"end":{"line":24,"column":17}},{"start":{"line":26,"column":12},"end":{"line":32,"column":14}}],"line":19},"1":{"loc":{"start":{"line":19,"column":11},"end":{"line":19,"column":46}},"type":"binary-expr","locations":[{"start":{"line":19,"column":11},"end":{"line":19,"column":21}},{"start":{"line":19,"column":25},"end":{"line":19,"column":46}}],"line":19}},"s":{"0":0,"1":0,"2":0},"f":{"0":0,"1":0},"b":{"0":[0,0],"1":[0,0]}}
,"/Users/jacobdavidgrisham/Workspace/Project_LIMS/frontend/src/components/ErrorBoundary.tsx": {"path":"/Users/jacobdavidgrisham/Workspace/Project_LIMS/frontend/src/components/ErrorBoundary.tsx","statementMap":{"0":{"start":{"line":13,"column":4},"end":{"line":13,"column":17}},"1":{"start":{"line":14,"column":4},"end":{"line":16,"column":5}},"2":{"start":{"line":20,"column":4},"end":{"line":20,"column":37}},"3":{"start":{"line":24,"column":4},"end":{"line":24,"column":103}}},"fnMap":{"0":{"name":"(anonymous_0)","decl":{"start":{"line":12,"column":2},"end":{"line":12,"column":3}},"loc":{"start":{"line":12,"column":33},"end":{"line":17,"column":3}},"line":12},"1":{"name":"(anonymous_1)","decl":{"start":{"line":19,"column":2},"end":{"line":19,"column":3}},"loc":{"start":{"line":19,"column":22},"end":{"line":21,"column":3}},"line":19},"2":{"name":"(anonymous_2)","decl":{"start":{"line":23,"column":2},"end":{"line":23,"column":3}},"loc":{"start":{"line":23,"column":11},"end":{"line":25,"column":3}},"line":23}},"branchMap":{"0":{"loc":{"start":{"line":24,"column":11},"end":{"line":24,"column":103}},"type":"cond-expr","locations":[{"start":{"line":24,"column":33},"end":{"line":24,"column":81}},{"start":{"line":24,"column":84},"end":{"line":24,"column":103}}],"line":24}},"s":{"0":0,"1":0,"2":0,"3":0},"f":{"0":0,"1":0,"2":0},"b":{"0":[0,0]}}
,"/Users/jacobdavidgrisham/Workspace/Project_LIMS/frontend/src/components/Header.tsx": {"path":"/Users/jacobdavidgrisham/Workspace/Project_LIMS/frontend/src/components/Header.tsx","statementMap":{"0":{"start":{"line":3,"column":15},"end":{"line":9,"column":1}},"1":{"start":{"line":4,"column":2},"end":{"line":8,"column":4}}},"fnMap":{"0":{"name":"(anonymous_0)","decl":{"start":{"line":3,"column":15},"end":{"line":3,"column":16}},"loc":{"start":{"line":3,"column":21},"end":{"line":9,"column":1}},"line":3}},"branchMap":{},"s":{"0":0,"1":0},"f":{"0":0},"b":{}}
,"/Users/jacobdavidgrisham/Workspace/Project_LIMS/frontend/src/components/Home.tsx": {"path":"/Users/jacobdavidgrisham/Workspace/Project_LIMS/frontend/src/components/Home.tsx","statementMap":{"0":{"start":{"line":12,"column":13},"end":{"line":34,"column":1}},"1":{"start":{"line":14,"column":57},"end":{"line":14,"column":62}},"2":{"start":{"line":16,"column":2},"end":{"line":18,"column":28}},"3":{"start":{"line":17,"column":4},"end":{"line":17,"column":27}},"4":{"start":{"line":20,"column":2},"end":{"line":33,"column":4}}},"fnMap":{"0":{"name":"(anonymous_0)","decl":{"start":{"line":12,"column":13},"end":{"line":12,"column":14}},"loc":{"start":{"line":12,"column":36},"end":{"line":34,"column":1}},"line":12},"1":{"name":"(anonymous_1)","decl":{"start":{"line":16,"column":12},"end":{"line":16,"column":13}},"loc":{"start":{"line":16,"column":18},"end":{"line":18,"column":3}},"line":16}},"branchMap":{"0":{"loc":{"start":{"line":20,"column":9},"end":{"line":33,"column":3}},"type":"cond-expr","locations":[{"start":{"line":20,"column":21},"end":{"line":20,"column":40}},{"start":{"line":21,"column":4},"end":{"line":32,"column":15}}],"line":20}},"s":{"0":0,"1":0,"2":0,"3":0,"4":0},"f":{"0":0,"1":0},"b":{"0":[0,0]}}
,"/Users/jacobdavidgrisham/Workspace/Project_LIMS/frontend/src/constants/constants.js": {"path":"/Users/jacobdavidgrisham/Workspace/Project_LIMS/frontend/src/constants/constants.js","statementMap":{"0":{"start":{"line":1,"column":23},"end":{"line":1,"column":61}},"1":{"start":{"line":3,"column":41},"end":{"line":3,"column":68}},"2":{"start":{"line":4,"column":41},"end":{"line":4,"column":68}},"3":{"start":{"line":5,"column":40},"end":{"line":5,"column":66}}},"fnMap":{},"branchMap":{},"s":{"0":2,"1":2,"2":2,"3":2},"f":{},"b":{},"_coverageSchema":"1a1c01bbd47fc00a2c39e90264f33305004495a9","hash":"91af746e55c073f3c133bceda5a5ee66cd9127bf"}
,"/Users/jacobdavidgrisham/Workspace/Project_LIMS/frontend/src/redux/actions/actions.tsx": {"path":"/Users/jacobdavidgrisham/Workspace/Project_LIMS/frontend/src/redux/actions/actions.tsx","statementMap":{"0":{"start":{"line":12,"column":32},"end":{"line":20,"column":1}},"1":{"start":{"line":12,"column":54},"end":{"line":20,"column":1}},"2":{"start":{"line":13,"column":2},"end":{"line":19,"column":3}},"3":{"start":{"line":14,"column":4},"end":{"line":14,"column":49}},"4":{"start":{"line":15,"column":17},"end":{"line":15,"column":38}},"5":{"start":{"line":16,"column":4},"end":{"line":16,"column":64}},"6":{"start":{"line":18,"column":4},"end":{"line":18,"column":64}}},"fnMap":{"0":{"name":"(anonymous_0)","decl":{"start":{"line":12,"column":32},"end":{"line":12,"column":33}},"loc":{"start":{"line":12,"column":54},"end":{"line":20,"column":1}},"line":12},"1":{"name":"(anonymous_1)","decl":{"start":{"line":12,"column":54},"end":{"line":12,"column":55}},"loc":{"start":{"line":12,"column":84},"end":{"line":20,"column":1}},"line":12}},"branchMap":{"0":{"loc":{"start":{"line":12,"column":33},"end":{"line":12,"column":49}},"type":"default-arg","locations":[{"start":{"line":12,"column":42},"end":{"line":12,"column":49}}],"line":12}},"s":{"0":1,"1":2,"2":2,"3":2,"4":2,"5":1,"6":1},"f":{"0":2,"1":2},"b":{"0":[0]},"_coverageSchema":"1a1c01bbd47fc00a2c39e90264f33305004495a9","hash":"2b5b3065c961c5dfbde6122fa1086bac6d6d9777"}
,"/Users/jacobdavidgrisham/Workspace/Project_LIMS/frontend/src/redux/reducers/reducers.tsx": {"path":"/Users/jacobdavidgrisham/Workspace/Project_LIMS/frontend/src/redux/reducers/reducers.tsx","statementMap":{"0":{"start":{"line":7,"column":30},"end":{"line":11,"column":1}},"1":{"start":{"line":17,"column":32},"end":{"line":28,"column":1}},"2":{"start":{"line":18,"column":2},"end":{"line":27,"column":3}},"3":{"start":{"line":20,"column":6},"end":{"line":20,"column":58}},"4":{"start":{"line":22,"column":6},"end":{"line":22,"column":86}},"5":{"start":{"line":24,"column":6},"end":{"line":24,"column":82}},"6":{"start":{"line":26,"column":6},"end":{"line":26,"column":18}}},"fnMap":{"0":{"name":"(anonymous_0)","decl":{"start":{"line":17,"column":32},"end":{"line":17,"column":33}},"loc":{"start":{"line":17,"column":102},"end":{"line":28,"column":1}},"line":17}},"branchMap":{"0":{"loc":{"start":{"line":17,"column":33},"end":{"line":17,"column":70}},"type":"default-arg","locations":[{"start":{"line":17,"column":49},"end":{"line":17,"column":70}}],"line":17},"1":{"loc":{"start":{"line":17,"column":72},"end":{"line":17,"column":97}},"type":"default-arg","locations":[{"start":{"line":17,"column":95},"end":{"line":17,"column":97}}],"line":17},"2":{"loc":{"start":{"line":18,"column":2},"end":{"line":27,"column":3}},"type":"switch","locations":[{"start":{"line":19,"column":4},"end":{"line":20,"column":58}},{"start":{"line":21,"column":4},"end":{"line":22,"column":86}},{"start":{"line":23,"column":4},"end":{"line":24,"column":82}},{"start":{"line":25,"column":4},"end":{"line":26,"column":18}}],"line":18}},"s":{"0":1,"1":1,"2":4,"3":1,"4":1,"5":1,"6":1},"f":{"0":4},"b":{"0":[1],"1":[0],"2":[1,1,1,1]},"_coverageSchema":"1a1c01bbd47fc00a2c39e90264f33305004495a9","hash":"ef41c3b5945062b5aa522f058a224ba9e6679cbb"}
}
