TN:
SF:src/index.tsx
FNF:0
FNH:0
DA:17,0
DA:19,0
DA:20,0
DA:22,0
DA:34,0
DA:39,0
LF:6
LH:0
BRF:0
BRH:0
end_of_record
TN:
SF:src/api/api.tsx
FN:1,(anonymous_0)
FN:2,(anonymous_1)
FNF:2
FNH:2
FNDA:2,(anonymous_0)
FNDA:1,(anonymous_1)
DA:1,1
DA:2,2
LF:2
LH:2
BRF:0
BRH:0
end_of_record
TN:
SF:src/api/mock.tsx
FN:1,(anonymous_0)
FN:2,(anonymous_1)
FN:3,(anonymous_2)
FNF:3
FNH:0
FNDA:0,(anonymous_0)
FNDA:0,(anonymous_1)
FNDA:0,(anonymous_2)
DA:1,1
DA:2,0
DA:3,0
DA:4,0
DA:6,0
DA:7,0
DA:8,0
DA:10,0
DA:12,0
DA:22,0
LF:10
LH:1
BRDA:4,0,0,0
BRDA:4,0,1,0
BRDA:7,1,0,0
BRDA:7,1,1,0
BRF:4
BRH:0
end_of_record
TN:
SF:src/components/App.tsx
FN:29,(anonymous_0)
FN:37,(anonymous_1)
FN:39,(anonymous_2)
FN:43,(anonymous_3)
FNF:4
FNH:0
FNDA:0,(anonymous_0)
FNDA:0,(anonymous_1)
FNDA:0,(anonymous_2)
FNDA:0,(anonymous_3)
DA:29,0
DA:30,0
DA:37,0
DA:38,0
DA:39,0
DA:43,0
DA:44,0
LF:7
LH:0
BRF:0
BRH:0
end_of_record
TN:
SF:src/components/CompanyTable.tsx
FN:6,(anonymous_0)
FN:26,(anonymous_1)
FNF:2
FNH:0
FNDA:0,(anonymous_0)
FNDA:0,(anonymous_1)
DA:6,0
DA:8,0
DA:27,0
LF:3
LH:0
BRDA:19,0,0,0
BRDA:19,0,1,0
BRDA:19,1,0,0
BRDA:19,1,1,0
BRF:4
BRH:0
end_of_record
TN:
SF:src/components/ErrorBoundary.tsx
FN:12,(anonymous_0)
FN:19,(anonymous_1)
FN:23,(anonymous_2)
FNF:3
FNH:0
FNDA:0,(anonymous_0)
FNDA:0,(anonymous_1)
FNDA:0,(anonymous_2)
DA:13,0
DA:14,0
DA:20,0
DA:24,0
LF:4
LH:0
BRDA:24,0,0,0
BRDA:24,0,1,0
BRF:2
BRH:0
end_of_record
TN:
SF:src/components/Header.tsx
FN:3,(anonymous_0)
FNF:1
FNH:0
FNDA:0,(anonymous_0)
DA:3,0
DA:4,0
LF:2
LH:0
BRF:0
BRH:0
end_of_record
TN:
SF:src/components/Home.tsx
FN:12,(anonymous_0)
FN:16,(anonymous_1)
FNF:2
FNH:0
FNDA:0,(anonymous_0)
FNDA:0,(anonymous_1)
DA:12,0
DA:14,0
DA:16,0
DA:17,0
DA:20,0
LF:5
LH:0
BRDA:20,0,0,0
BRDA:20,0,1,0
BRF:2
BRH:0
end_of_record
TN:
SF:src/constants/constants.js
FNF:0
FNH:0
DA:1,2
DA:3,2
DA:4,2
DA:5,2
LF:4
LH:4
BRF:0
BRH:0
end_of_record
TN:
SF:src/redux/actions/actions.tsx
FN:12,(anonymous_0)
FN:12,(anonymous_1)
FNF:2
FNH:2
FNDA:2,(anonymous_0)
FNDA:2,(anonymous_1)
DA:12,2
DA:13,2
DA:14,2
DA:15,2
DA:16,1
DA:18,1
LF:6
LH:6
BRDA:12,0,0,0
BRF:1
BRH:0
end_of_record
TN:
SF:src/redux/reducers/reducers.tsx
FN:17,(anonymous_0)
FNF:1
FNH:1
FNDA:4,(anonymous_0)
DA:7,1
DA:17,1
DA:18,4
DA:20,1
DA:22,1
DA:24,1
DA:26,1
LF:7
LH:7
BRDA:17,0,0,1
BRDA:17,1,0,0
BRDA:18,2,0,1
BRDA:18,2,1,1
BRDA:18,2,2,1
BRDA:18,2,3,1
BRF:6
BRH:5
end_of_record
